ecosystem/robotics/Giblets/RoadWatch/app/build/intermediates/manifest_merge_blame_file/debug/manifest-merger-blame-debug-report.txt
1<?xml version="1.0" encoding="utf-8"?>
2<manifest xmlns:android="http://schemas.android.com/apk/res/android"
3    package="com.giblets.roadwatch"
4    android:versionCode="1"
5    android:versionName="1.0" >
6
7    <uses-sdk
8        android:minSdkVersion="26"
8-->src/main/AndroidManifest.xml
9        android:targetSdkVersion="34" />
9-->src/main/AndroidManifest.xml
10
11    <uses-permission android:name="android.permission.ACCESS_FINE_LOCATION" />
11-->src/main/AndroidManifest.xml:3:5-79
11-->src/main/AndroidManifest.xml:3:22-76
12    <uses-permission android:name="android.permission.ACCESS_COARSE_LOCATION" />
12-->src/main/AndroidManifest.xml:4:5-81
12-->src/main/AndroidManifest.xml:4:22-78
13    <uses-permission android:name="android.permission.FOREGROUND_SERVICE" />
13-->src/main/AndroidManifest.xml:5:5-77
13-->src/main/AndroidManifest.xml:5:22-74
14    <uses-permission android:name="android.permission.FOREGROUND_SERVICE_LOCATION" />
14-->src/main/AndroidManifest.xml:6:5-86
14-->src/main/AndroidManifest.xml:6:22-83
15    <uses-permission
15-->src/main/AndroidManifest.xml:7:5-108
16        android:name="android.permission.WRITE_EXTERNAL_STORAGE"
16-->src/main/AndroidManifest.xml:7:22-78
17        android:maxSdkVersion="28" />
17-->src/main/AndroidManifest.xml:7:79-105
18    <uses-permission android:name="android.permission.POST_NOTIFICATIONS" />
18-->src/main/AndroidManifest.xml:8:5-77
18-->src/main/AndroidManifest.xml:8:22-74
19
20    <application
20-->src/main/AndroidManifest.xml:9:5-26:19
21        android:allowBackup="false"
21-->src/main/AndroidManifest.xml:10:9-36
22        android:debuggable="true"
23        android:extractNativeLibs="false"
24        android:label="RoadWatch"
24-->src/main/AndroidManifest.xml:11:9-34
25        android:theme="@android:style/Theme.NoTitleBar" >
25-->src/main/AndroidManifest.xml:12:9-56
26        <activity
26-->src/main/AndroidManifest.xml:13:9-21:20
27            android:name="com.giblets.roadwatch.MainActivity"
27-->src/main/AndroidManifest.xml:14:13-41
28            android:exported="true"
28-->src/main/AndroidManifest.xml:15:13-36
29            android:screenOrientation="portrait" >
29-->src/main/AndroidManifest.xml:16:13-49
30            <intent-filter>
30-->src/main/AndroidManifest.xml:17:13-20:29
31                <action android:name="android.intent.action.MAIN" />
31-->src/main/AndroidManifest.xml:18:17-69
31-->src/main/AndroidManifest.xml:18:25-66
32
33                <category android:name="android.intent.category.LAUNCHER" />
33-->src/main/AndroidManifest.xml:19:17-77
33-->src/main/AndroidManifest.xml:19:27-74
34            </intent-filter>
35        </activity>
36
37        <service
37-->src/main/AndroidManifest.xml:22:9-25:40
38            android:name="com.giblets.roadwatch.RoadService"
38-->src/main/AndroidManifest.xml:23:13-40
39            android:exported="false"
39-->src/main/AndroidManifest.xml:25:13-37
40            android:foregroundServiceType="location" />
40-->src/main/AndroidManifest.xml:24:13-53
41    </application>
42
43</manifest>